Release 14.1 Map P.15xf (nt64)
Xilinx Mapping Report File for Design 'TOP'

Design Information
------------------
Command Line   : map -intstyle ise -p xc6slx16-csg324-2 -w -logic_opt off -ol
high -t 1 -xt 0 -register_duplication off -r 4 -global_opt off -mt off -ir off
-pr off -lc off -power off -o TOP_map.ncd TOP.ngd TOP.pcf 
Target Device  : xc6slx16
Target Package : csg324
Target Speed   : -2
Mapper Version : spartan6 -- $Revision: 1.55 $
Mapped Date    : Tue Aug 13 13:43:40 2013

Design Summary
--------------
Number of errors:      0
Number of warnings:    0
Slice Logic Utilization:
  Number of Slice Registers:                   126 out of  18,224    1%
    Number used as Flip Flops:                 126
    Number used as Latches:                      0
    Number used as Latch-thrus:                  0
    Number used as AND/OR logics:                0
  Number of Slice LUTs:                        777 out of   9,112    8%
    Number used as logic:                      249 out of   9,112    2%
      Number using O6 output only:             130
      Number using O5 output only:              48
      Number using O5 and O6:                   71
      Number used as ROM:                        0
    Number used as Memory:                     512 out of   2,176   23%
      Number used as Dual Port RAM:              0
      Number used as Single Port RAM:          512
        Number using O6 output only:           512
        Number using O5 output only:             0
        Number using O5 and O6:                  0
      Number used as Shift Register:             0
    Number used exclusively as route-thrus:     16
      Number with same-slice register load:     12
      Number with same-slice carry load:         4
      Number with other load:                    0

Slice Logic Distribution:
  Number of occupied Slices:                   261 out of   2,278   11%
  Nummber of MUXCYs used:                      128 out of   4,556    2%
  Number of LUT Flip Flop pairs used:          814
    Number with an unused Flip Flop:           702 out of     814   86%
    Number with an unused LUT:                  37 out of     814    4%
    Number of fully used LUT-FF pairs:          75 out of     814    9%
    Number of unique control sets:              17
    Number of slice register sites lost
      to control set restrictions:              26 out of  18,224    1%

  A LUT Flip Flop pair for this architecture represents one LUT paired with
  one Flip Flop within a slice.  A control set is a unique combination of
  clock, reset, set, and enable signals for a registered element.
  The Slice Logic Distribution report is not meaningful if the design is
  over-mapped for a non-slice resource or if Placement fails.

IO Utilization:
  Number of bonded IOBs:                       103 out of     232   44%

Specific Feature Utilization:
  Number of RAMB16BWERs:                        30 out of      32   93%
  Number of RAMB8BWERs:                          0 out of      64    0%
  Number of BUFIO2/BUFIO2_2CLKs:                 0 out of      32    0%
  Number of BUFIO2FB/BUFIO2FB_2CLKs:             0 out of      32    0%
  Number of BUFG/BUFGMUXs:                       1 out of      16    6%
    Number used as BUFGs:                        1
    Number used as BUFGMUX:                      0
  Number of DCM/DCM_CLKGENs:                     0 out of       4    0%
  Number of ILOGIC2/ISERDES2s:                   0 out of     248    0%
  Number of IODELAY2/IODRP2/IODRP2_MCBs:         0 out of     248    0%
  Number of OLOGIC2/OSERDES2s:                   0 out of     248    0%
  Number of BSCANs:                              0 out of       4    0%
  Number of BUFHs:                               0 out of     128    0%
  Number of BUFPLLs:                             0 out of       8    0%
  Number of BUFPLL_MCBs:                         0 out of       4    0%
  Number of DSP48A1s:                            0 out of      32    0%
  Number of ICAPs:                               0 out of       1    0%
  Number of MCBs:                                0 out of       2    0%
  Number of PCILOGICSEs:                         0 out of       2    0%
  Number of PLL_ADVs:                            0 out of       2    0%
  Number of PMVs:                                0 out of       1    0%
  Number of STARTUPs:                            0 out of       1    0%
  Number of SUSPEND_SYNCs:                       0 out of       1    0%

Average Fanout of Non-Clock Nets:                10.19

Peak Memory Usage:  382 MB
Total REAL time to MAP completion:  46 secs 
Total CPU time to MAP completion:   46 secs 

Table of Contents
-----------------
Section 1 - Errors
Section 2 - Warnings
Section 3 - Informational
Section 4 - Removed Logic Summary
Section 5 - Removed Logic
Section 6 - IOB Properties
Section 7 - RPMs
Section 8 - Guide Report
Section 9 - Area Group and Partition Summary
Section 10 - Timing Report
Section 11 - Configuration String Information
Section 12 - Control Set Information
Section 13 - Utilization by Hierarchy

Section 1 - Errors
------------------

Section 2 - Warnings
--------------------

Section 3 - Informational
-------------------------
INFO:LIT:243 - Logical network
   DRAM/U0/xst_options.dist_mem_inst/gen_sp_ram.spram_inst/qspo_int<15> has no
   load.
INFO:LIT:395 - The above info message is repeated 15 more times for the
   following (max. 5 shown):
   DRAM/U0/xst_options.dist_mem_inst/gen_sp_ram.spram_inst/qspo_int<14>,
   DRAM/U0/xst_options.dist_mem_inst/gen_sp_ram.spram_inst/qspo_int<13>,
   DRAM/U0/xst_options.dist_mem_inst/gen_sp_ram.spram_inst/qspo_int<12>,
   DRAM/U0/xst_options.dist_mem_inst/gen_sp_ram.spram_inst/qspo_int<11>,
   DRAM/U0/xst_options.dist_mem_inst/gen_sp_ram.spram_inst/qspo_int<10>
   To see the details of these info messages, please use the -detail switch.
INFO:MapLib:562 - No environment variables are currently set.
INFO:LIT:244 - All of the single ended outputs in this design are using slew
   rate limited output drivers. The delay on speed critical single ended outputs
   can be dramatically reduced by designating them as fast outputs.
INFO:Pack:1716 - Initializing temperature to 85.000 Celsius. (default - Range:
   0.000 to 85.000 Celsius)
INFO:Pack:1720 - Initializing voltage to 1.140 Volts. (default - Range: 1.140 to
   1.260 Volts)
INFO:Map:215 - The Interim Design Summary has been generated in the MAP Report
   (.mrp).
INFO:Pack:1650 - Map created a placed design.

Section 4 - Removed Logic Summary
---------------------------------
  16 block(s) removed
   6 block(s) optimized away
  16 signal(s) removed

Section 5 - Removed Logic
-------------------------

The trimmed logic report below shows the logic removed from your design due to
sourceless or loadless signals, and VCC or ground connections.  If the removal
of a signal or symbol results in the subsequent removal of an additional signal
or symbol, the message explaining that second removal will be indented.  This
indentation will be repeated as a chain of related logic is removed.

To quickly locate the original cause for the removal of a chain of logic, look
above the place where that logic is listed in the trimming report, then locate
the lines that are least indented (begin at the leftmost edge).

The signal
"DRAM/U0/xst_options.dist_mem_inst/gen_sp_ram.spram_inst/qspo_int<15>" is
sourceless and has been removed.
The signal
"DRAM/U0/xst_options.dist_mem_inst/gen_sp_ram.spram_inst/qspo_int<14>" is
sourceless and has been removed.
The signal
"DRAM/U0/xst_options.dist_mem_inst/gen_sp_ram.spram_inst/qspo_int<13>" is
sourceless and has been removed.
The signal
"DRAM/U0/xst_options.dist_mem_inst/gen_sp_ram.spram_inst/qspo_int<12>" is
sourceless and has been removed.
The signal
"DRAM/U0/xst_options.dist_mem_inst/gen_sp_ram.spram_inst/qspo_int<11>" is
sourceless and has been removed.
The signal
"DRAM/U0/xst_options.dist_mem_inst/gen_sp_ram.spram_inst/qspo_int<10>" is
sourceless and has been removed.
The signal "DRAM/U0/xst_options.dist_mem_inst/gen_sp_ram.spram_inst/qspo_int<9>"
is sourceless and has been removed.
The signal "DRAM/U0/xst_options.dist_mem_inst/gen_sp_ram.spram_inst/qspo_int<8>"
is sourceless and has been removed.
The signal "DRAM/U0/xst_options.dist_mem_inst/gen_sp_ram.spram_inst/qspo_int<7>"
is sourceless and has been removed.
The signal "DRAM/U0/xst_options.dist_mem_inst/gen_sp_ram.spram_inst/qspo_int<6>"
is sourceless and has been removed.
The signal "DRAM/U0/xst_options.dist_mem_inst/gen_sp_ram.spram_inst/qspo_int<5>"
is sourceless and has been removed.
The signal "DRAM/U0/xst_options.dist_mem_inst/gen_sp_ram.spram_inst/qspo_int<4>"
is sourceless and has been removed.
The signal "DRAM/U0/xst_options.dist_mem_inst/gen_sp_ram.spram_inst/qspo_int<3>"
is sourceless and has been removed.
The signal "DRAM/U0/xst_options.dist_mem_inst/gen_sp_ram.spram_inst/qspo_int<2>"
is sourceless and has been removed.
The signal "DRAM/U0/xst_options.dist_mem_inst/gen_sp_ram.spram_inst/qspo_int<1>"
is sourceless and has been removed.
The signal "DRAM/U0/xst_options.dist_mem_inst/gen_sp_ram.spram_inst/qspo_int<0>"
is sourceless and has been removed.
Unused block
"DRAM/U0/xst_options.dist_mem_inst/gen_sp_ram.spram_inst/qspo_int_0" (FF)
removed.
Unused block
"DRAM/U0/xst_options.dist_mem_inst/gen_sp_ram.spram_inst/qspo_int_1" (FF)
removed.
Unused block
"DRAM/U0/xst_options.dist_mem_inst/gen_sp_ram.spram_inst/qspo_int_10" (FF)
removed.
Unused block
"DRAM/U0/xst_options.dist_mem_inst/gen_sp_ram.spram_inst/qspo_int_11" (FF)
removed.
Unused block
"DRAM/U0/xst_options.dist_mem_inst/gen_sp_ram.spram_inst/qspo_int_12" (FF)
removed.
Unused block
"DRAM/U0/xst_options.dist_mem_inst/gen_sp_ram.spram_inst/qspo_int_13" (FF)
removed.
Unused block
"DRAM/U0/xst_options.dist_mem_inst/gen_sp_ram.spram_inst/qspo_int_14" (FF)
removed.
Unused block
"DRAM/U0/xst_options.dist_mem_inst/gen_sp_ram.spram_inst/qspo_int_15" (FF)
removed.
Unused block
"DRAM/U0/xst_options.dist_mem_inst/gen_sp_ram.spram_inst/qspo_int_2" (FF)
removed.
Unused block
"DRAM/U0/xst_options.dist_mem_inst/gen_sp_ram.spram_inst/qspo_int_3" (FF)
removed.
Unused block
"DRAM/U0/xst_options.dist_mem_inst/gen_sp_ram.spram_inst/qspo_int_4" (FF)
removed.
Unused block
"DRAM/U0/xst_options.dist_mem_inst/gen_sp_ram.spram_inst/qspo_int_5" (FF)
removed.
Unused block
"DRAM/U0/xst_options.dist_mem_inst/gen_sp_ram.spram_inst/qspo_int_6" (FF)
removed.
Unused block
"DRAM/U0/xst_options.dist_mem_inst/gen_sp_ram.spram_inst/qspo_int_7" (FF)
removed.
Unused block
"DRAM/U0/xst_options.dist_mem_inst/gen_sp_ram.spram_inst/qspo_int_8" (FF)
removed.
Unused block
"DRAM/U0/xst_options.dist_mem_inst/gen_sp_ram.spram_inst/qspo_int_9" (FF)
removed.

Optimized Block(s):
TYPE 		BLOCK
GND
		FIFO1/U0/xst_fifo_generator/gconvfifo.rf/grf.rf/gntv_or_sync_fifo.mem/gbm.gbmg
.gbmga.ngecc.bmg/gnativebmg.native_blk_mem_gen/valid.cstr/XST_GND
GND 		FIFO1/XST_GND
VCC 		FIFO1/XST_VCC
GND
		FIFO2/U0/xst_fifo_generator/gconvfifo.rf/grf.rf/gntv_or_sync_fifo.mem/gbm.gbmg
.gbmga.ngecc.bmg/gnativebmg.native_blk_mem_gen/valid.cstr/XST_GND
GND 		FIFO2/XST_GND
VCC 		FIFO2/XST_VCC

To enable printing of redundant blocks removed and signals merged, set the
detailed map report option and rerun map.

Section 6 - IOB Properties
--------------------------

+---------------------------------------------------------------------------------------------------------------------------------------------------------+
| IOB Name                           | Type             | Direction | IO Standard          | Diff  | Drive    | Slew | Reg (s)      | Resistor | IOB      |
|                                    |                  |           |                      | Term  | Strength | Rate |              |          | Delay    |
+---------------------------------------------------------------------------------------------------------------------------------------------------------+
| CLOCK                              | IOB              | INPUT     | LVCMOS25             |       |          |      |              |          |          |
| DRAM_ADDR<0>                       | IOB              | INPUT     | LVCMOS25             |       |          |      |              |          |          |
| DRAM_ADDR<1>                       | IOB              | INPUT     | LVCMOS25             |       |          |      |              |          |          |
| DRAM_ADDR<2>                       | IOB              | INPUT     | LVCMOS25             |       |          |      |              |          |          |
| DRAM_ADDR<3>                       | IOB              | INPUT     | LVCMOS25             |       |          |      |              |          |          |
| DRAM_ADDR<4>                       | IOB              | INPUT     | LVCMOS25             |       |          |      |              |          |          |
| DRAM_ADDR<5>                       | IOB              | INPUT     | LVCMOS25             |       |          |      |              |          |          |
| DRAM_ADDR<6>                       | IOB              | INPUT     | LVCMOS25             |       |          |      |              |          |          |
| DRAM_ADDR<7>                       | IOB              | INPUT     | LVCMOS25             |       |          |      |              |          |          |
| DRAM_ADDR<8>                       | IOB              | INPUT     | LVCMOS25             |       |          |      |              |          |          |
| DRAM_ADDR<9>                       | IOB              | INPUT     | LVCMOS25             |       |          |      |              |          |          |
| DRAM_ADDR<10>                      | IOB              | INPUT     | LVCMOS25             |       |          |      |              |          |          |
| DRAM_WR_EN                         | IOB              | INPUT     | LVCMOS25             |       |          |      |              |          |          |
| FIFO1_EMPTY                        | IOB              | OUTPUT    | LVCMOS25             |       | 12       | SLOW |              |          |          |
| FIFO1_FULL                         | IOB              | OUTPUT    | LVCMOS25             |       | 12       | SLOW |              |          |          |
| FIFO1_RD_EN                        | IOB              | INPUT     | LVCMOS25             |       |          |      |              |          |          |
| FIFO1_WR_EN                        | IOB              | INPUT     | LVCMOS25             |       |          |      |              |          |          |
| FIFO2_EMPTY                        | IOB              | OUTPUT    | LVCMOS25             |       | 12       | SLOW |              |          |          |
| FIFO2_FULL                         | IOB              | OUTPUT    | LVCMOS25             |       | 12       | SLOW |              |          |          |
| FIFO2_RD_EN                        | IOB              | INPUT     | LVCMOS25             |       |          |      |              |          |          |
| FIFO2_WR_EN                        | IOB              | INPUT     | LVCMOS25             |       |          |      |              |          |          |
| Input<0>                           | IOB              | INPUT     | LVCMOS25             |       |          |      |              |          |          |
| Input<1>                           | IOB              | INPUT     | LVCMOS25             |       |          |      |              |          |          |
| Input<2>                           | IOB              | INPUT     | LVCMOS25             |       |          |      |              |          |          |
| Input<3>                           | IOB              | INPUT     | LVCMOS25             |       |          |      |              |          |          |
| Input<4>                           | IOB              | INPUT     | LVCMOS25             |       |          |      |              |          |          |
| Input<5>                           | IOB              | INPUT     | LVCMOS25             |       |          |      |              |          |          |
| Input<6>                           | IOB              | INPUT     | LVCMOS25             |       |          |      |              |          |          |
| Input<7>                           | IOB              | INPUT     | LVCMOS25             |       |          |      |              |          |          |
| Input<8>                           | IOB              | INPUT     | LVCMOS25             |       |          |      |              |          |          |
| Input<9>                           | IOB              | INPUT     | LVCMOS25             |       |          |      |              |          |          |
| Input<10>                          | IOB              | INPUT     | LVCMOS25             |       |          |      |              |          |          |
| Input<11>                          | IOB              | INPUT     | LVCMOS25             |       |          |      |              |          |          |
| Input<12>                          | IOB              | INPUT     | LVCMOS25             |       |          |      |              |          |          |
| Input<13>                          | IOB              | INPUT     | LVCMOS25             |       |          |      |              |          |          |
| Input<14>                          | IOB              | INPUT     | LVCMOS25             |       |          |      |              |          |          |
| Input<15>                          | IOB              | INPUT     | LVCMOS25             |       |          |      |              |          |          |
| MUX_SEL                            | IOB              | INPUT     | LVCMOS25             |       |          |      |              |          |          |
| Output<0>                          | IOB              | OUTPUT    | LVCMOS25             |       | 12       | SLOW |              |          |          |
| Output<1>                          | IOB              | OUTPUT    | LVCMOS25             |       | 12       | SLOW |              |          |          |
| Output<2>                          | IOB              | OUTPUT    | LVCMOS25             |       | 12       | SLOW |              |          |          |
| Output<3>                          | IOB              | OUTPUT    | LVCMOS25             |       | 12       | SLOW |              |          |          |
| Output<4>                          | IOB              | OUTPUT    | LVCMOS25             |       | 12       | SLOW |              |          |          |
| Output<5>                          | IOB              | OUTPUT    | LVCMOS25             |       | 12       | SLOW |              |          |          |
| Output<6>                          | IOB              | OUTPUT    | LVCMOS25             |       | 12       | SLOW |              |          |          |
| Output<7>                          | IOB              | OUTPUT    | LVCMOS25             |       | 12       | SLOW |              |          |          |
| Output<8>                          | IOB              | OUTPUT    | LVCMOS25             |       | 12       | SLOW |              |          |          |
| Output<9>                          | IOB              | OUTPUT    | LVCMOS25             |       | 12       | SLOW |              |          |          |
| Output<10>                         | IOB              | OUTPUT    | LVCMOS25             |       | 12       | SLOW |              |          |          |
| Output<11>                         | IOB              | OUTPUT    | LVCMOS25             |       | 12       | SLOW |              |          |          |
| Output<12>                         | IOB              | OUTPUT    | LVCMOS25             |       | 12       | SLOW |              |          |          |
| Output<13>                         | IOB              | OUTPUT    | LVCMOS25             |       | 12       | SLOW |              |          |          |
| Output<14>                         | IOB              | OUTPUT    | LVCMOS25             |       | 12       | SLOW |              |          |          |
| Output<15>                         | IOB              | OUTPUT    | LVCMOS25             |       | 12       | SLOW |              |          |          |
| RESET                              | IOB              | INPUT     | LVCMOS25             |       |          |      |              |          |          |
| fif1out<0>                         | IOB              | OUTPUT    | LVCMOS25             |       | 12       | SLOW |              |          |          |
| fif1out<1>                         | IOB              | OUTPUT    | LVCMOS25             |       | 12       | SLOW |              |          |          |
| fif1out<2>                         | IOB              | OUTPUT    | LVCMOS25             |       | 12       | SLOW |              |          |          |
| fif1out<3>                         | IOB              | OUTPUT    | LVCMOS25             |       | 12       | SLOW |              |          |          |
| fif1out<4>                         | IOB              | OUTPUT    | LVCMOS25             |       | 12       | SLOW |              |          |          |
| fif1out<5>                         | IOB              | OUTPUT    | LVCMOS25             |       | 12       | SLOW |              |          |          |
| fif1out<6>                         | IOB              | OUTPUT    | LVCMOS25             |       | 12       | SLOW |              |          |          |
| fif1out<7>                         | IOB              | OUTPUT    | LVCMOS25             |       | 12       | SLOW |              |          |          |
| fif1out<8>                         | IOB              | OUTPUT    | LVCMOS25             |       | 12       | SLOW |              |          |          |
| fif1out<9>                         | IOB              | OUTPUT    | LVCMOS25             |       | 12       | SLOW |              |          |          |
| fif1out<10>                        | IOB              | OUTPUT    | LVCMOS25             |       | 12       | SLOW |              |          |          |
| fif1out<11>                        | IOB              | OUTPUT    | LVCMOS25             |       | 12       | SLOW |              |          |          |
| fif1out<12>                        | IOB              | OUTPUT    | LVCMOS25             |       | 12       | SLOW |              |          |          |
| fif1out<13>                        | IOB              | OUTPUT    | LVCMOS25             |       | 12       | SLOW |              |          |          |
| fif1out<14>                        | IOB              | OUTPUT    | LVCMOS25             |       | 12       | SLOW |              |          |          |
| fif1out<15>                        | IOB              | OUTPUT    | LVCMOS25             |       | 12       | SLOW |              |          |          |
| fif2out<0>                         | IOB              | OUTPUT    | LVCMOS25             |       | 12       | SLOW |              |          |          |
| fif2out<1>                         | IOB              | OUTPUT    | LVCMOS25             |       | 12       | SLOW |              |          |          |
| fif2out<2>                         | IOB              | OUTPUT    | LVCMOS25             |       | 12       | SLOW |              |          |          |
| fif2out<3>                         | IOB              | OUTPUT    | LVCMOS25             |       | 12       | SLOW |              |          |          |
| fif2out<4>                         | IOB              | OUTPUT    | LVCMOS25             |       | 12       | SLOW |              |          |          |
| fif2out<5>                         | IOB              | OUTPUT    | LVCMOS25             |       | 12       | SLOW |              |          |          |
| fif2out<6>                         | IOB              | OUTPUT    | LVCMOS25             |       | 12       | SLOW |              |          |          |
| fif2out<7>                         | IOB              | OUTPUT    | LVCMOS25             |       | 12       | SLOW |              |          |          |
| fif2out<8>                         | IOB              | OUTPUT    | LVCMOS25             |       | 12       | SLOW |              |          |          |
| fif2out<9>                         | IOB              | OUTPUT    | LVCMOS25             |       | 12       | SLOW |              |          |          |
| fif2out<10>                        | IOB              | OUTPUT    | LVCMOS25             |       | 12       | SLOW |              |          |          |
| fif2out<11>                        | IOB              | OUTPUT    | LVCMOS25             |       | 12       | SLOW |              |          |          |
| fif2out<12>                        | IOB              | OUTPUT    | LVCMOS25             |       | 12       | SLOW |              |          |          |
| fif2out<13>                        | IOB              | OUTPUT    | LVCMOS25             |       | 12       | SLOW |              |          |          |
| fif2out<14>                        | IOB              | OUTPUT    | LVCMOS25             |       | 12       | SLOW |              |          |          |
| fif2out<15>                        | IOB              | OUTPUT    | LVCMOS25             |       | 12       | SLOW |              |          |          |
| muxout<0>                          | IOB              | OUTPUT    | LVCMOS25             |       | 12       | SLOW |              |          |          |
| muxout<1>                          | IOB              | OUTPUT    | LVCMOS25             |       | 12       | SLOW |              |          |          |
| muxout<2>                          | IOB              | OUTPUT    | LVCMOS25             |       | 12       | SLOW |              |          |          |
| muxout<3>                          | IOB              | OUTPUT    | LVCMOS25             |       | 12       | SLOW |              |          |          |
| muxout<4>                          | IOB              | OUTPUT    | LVCMOS25             |       | 12       | SLOW |              |          |          |
| muxout<5>                          | IOB              | OUTPUT    | LVCMOS25             |       | 12       | SLOW |              |          |          |
| muxout<6>                          | IOB              | OUTPUT    | LVCMOS25             |       | 12       | SLOW |              |          |          |
| muxout<7>                          | IOB              | OUTPUT    | LVCMOS25             |       | 12       | SLOW |              |          |          |
| muxout<8>                          | IOB              | OUTPUT    | LVCMOS25             |       | 12       | SLOW |              |          |          |
| muxout<9>                          | IOB              | OUTPUT    | LVCMOS25             |       | 12       | SLOW |              |          |          |
| muxout<10>                         | IOB              | OUTPUT    | LVCMOS25             |       | 12       | SLOW |              |          |          |
| muxout<11>                         | IOB              | OUTPUT    | LVCMOS25             |       | 12       | SLOW |              |          |          |
| muxout<12>                         | IOB              | OUTPUT    | LVCMOS25             |       | 12       | SLOW |              |          |          |
| muxout<13>                         | IOB              | OUTPUT    | LVCMOS25             |       | 12       | SLOW |              |          |          |
| muxout<14>                         | IOB              | OUTPUT    | LVCMOS25             |       | 12       | SLOW |              |          |          |
| muxout<15>                         | IOB              | OUTPUT    | LVCMOS25             |       | 12       | SLOW |              |          |          |
+---------------------------------------------------------------------------------------------------------------------------------------------------------+

Section 7 - RPMs
----------------

Section 8 - Guide Report
------------------------
Guide not run on this design.

Section 9 - Area Group and Partition Summary
--------------------------------------------

Partition Implementation Status
-------------------------------

  No Partitions were found in this design.

-------------------------------

Area Group Information
----------------------

  No area groups were found in this design.

----------------------

Section 10 - Timing Report
--------------------------
A logic-level (pre-route) timing report can be generated by using Xilinx static
timing analysis tools, Timing Analyzer (GUI) or TRCE (command line), with the
mapped NCD and PCF files. Please note that this timing report will be generated
using estimated delay information. For accurate numbers, please generate a
timing report with the post Place and Route NCD file.

For more information about the Timing Analyzer, consult the Xilinx Timing
Analyzer Reference Manual; for more information about TRCE, consult the Xilinx
Command Line Tools User Guide "TRACE" chapter.

Section 11 - Configuration String Details
-----------------------------------------
Use the "-detail" map option to print out Configuration Strings

Section 12 - Control Set Information
------------------------------------
Use the "-detail" map option to print out Control Set Information.

Section 13 - Utilization by Hierarchy
-------------------------------------
Use the "-detail" map option to print out the Utilization by Hierarchy section.
