Release 14.1 - xst P.15xf (nt64)
Copyright (c) 1995-2012 Xilinx, Inc.  All rights reserved.
--> Parameter TMPDIR set to xst/projnav.tmp


Total REAL time to Xst completion: 0.00 secs
Total CPU time to Xst completion: 0.19 secs
 
--> Parameter xsthdpdir set to xst


Total REAL time to Xst completion: 0.00 secs
Total CPU time to Xst completion: 0.19 secs
 
--> Reading design: top.prj

TABLE OF CONTENTS
  1) Synthesis Options Summary
  2) HDL Parsing
  3) HDL Elaboration
  4) HDL Synthesis
       4.1) HDL Synthesis Report
  5) Advanced HDL Synthesis
       5.1) Advanced HDL Synthesis Report
  6) Low Level Synthesis
  7) Partition Report
  8) Design Summary
       8.1) Primitive and Black Box Usage
       8.2) Device utilization summary
       8.3) Partition Resource Summary
       8.4) Timing Report
            8.4.1) Clock Information
            8.4.2) Asynchronous Control Signals Information
            8.4.3) Timing Summary
            8.4.4) Timing Details
            8.4.5) Cross Clock Domains Report


=========================================================================
*                      Synthesis Options Summary                        *
=========================================================================
---- Source Parameters
Input File Name                    : "top.prj"
Ignore Synthesis Constraint File   : NO

---- Target Parameters
Output File Name                   : "top"
Output Format                      : NGC
Target Device                      : xc6slx16-2-csg324

---- Source Options
Top Module Name                    : top
Automatic FSM Extraction           : YES
FSM Encoding Algorithm             : Auto
Safe Implementation                : No
FSM Style                          : LUT
RAM Extraction                     : Yes
RAM Style                          : Auto
ROM Extraction                     : Yes
Shift Register Extraction          : YES
ROM Style                          : Auto
Resource Sharing                   : YES
Asynchronous To Synchronous        : NO
Shift Register Minimum Size        : 2
Use DSP Block                      : Auto
Automatic Register Balancing       : No

---- Target Options
LUT Combining                      : Auto
Reduce Control Sets                : Auto
Add IO Buffers                     : YES
Global Maximum Fanout              : 100000
Add Generic Clock Buffer(BUFG)     : 16
Register Duplication               : YES
Optimize Instantiated Primitives   : NO
Use Clock Enable                   : Auto
Use Synchronous Set                : Auto
Use Synchronous Reset              : Auto
Pack IO Registers into IOBs        : Auto
Equivalent register Removal        : YES

---- General Options
Optimization Goal                  : Speed
Optimization Effort                : 1
Power Reduction                    : NO
Keep Hierarchy                     : No
Netlist Hierarchy                  : As_Optimized
RTL Output                         : Yes
Global Optimization                : AllClockNets
Read Cores                         : YES
Write Timing Constraints           : NO
Cross Clock Analysis               : NO
Hierarchy Separator                : /
Bus Delimiter                      : <>
Case Specifier                     : Maintain
Slice Utilization Ratio            : 100
BRAM Utilization Ratio             : 100
DSP48 Utilization Ratio            : 100
Auto BRAM Packing                  : NO
Slice Utilization Ratio Delta      : 5

=========================================================================


=========================================================================
*                          HDL Parsing                                  *
=========================================================================
Parsing VHDL file "C:\Users\Jeremy\Documents\GitHub\fobos clone\mem_buffer\src\ipcore_dir\FIFO214.vhd" into library work
Parsing entity <FIFO214>.
Parsing architecture <FIFO214_a> of entity <fifo214>.
Parsing VHDL file "C:\Users\Jeremy\Documents\GitHub\fobos clone\mem_buffer\src\ipcore_dir\DRAM211.vhd" into library work
Parsing entity <DRAM211>.
Parsing architecture <DRAM211_a> of entity <dram211>.
Parsing VHDL file "C:\Users\Jeremy\Documents\GitHub\fobos clone\mem_buffer\src\COUNTER.vhd" into library work
Parsing entity <counter>.
Parsing architecture <count_arch> of entity <counter>.
Parsing VHDL file "C:\Users\Jeremy\Documents\GitHub\fobos clone\mem_buffer\src\Datapath.vhd" into library work
Parsing entity <Datapath>.
Parsing architecture <datapath_arch> of entity <datapath>.
Parsing VHDL file "C:\Users\Jeremy\Documents\GitHub\fobos clone\mem_buffer\src\controller.vhd" into library work
Parsing entity <controller>.
Parsing architecture <contr_arch> of entity <controller>.
Parsing VHDL file "C:\Users\Jeremy\Documents\GitHub\fobos clone\mem_buffer\src\top.vhd" into library work
Parsing entity <top>.
Parsing architecture <top_arch> of entity <top>.

=========================================================================
*                            HDL Elaboration                            *
=========================================================================

Elaborating entity <top> (architecture <top_arch>) from library <work>.

Elaborating entity <Datapath> (architecture <datapath_arch>) from library <work>.

Elaborating entity <FIFO214> (architecture <FIFO214_a>) from library <work>.

Elaborating entity <DRAM211> (architecture <DRAM211_a>) from library <work>.

Elaborating entity <counter> (architecture <count_arch>) with generics from library <work>.

Elaborating entity <controller> (architecture <contr_arch>) from library <work>.

=========================================================================
*                           HDL Synthesis                               *
=========================================================================

Synthesizing Unit <top>.
    Related source file is "C:\Users\Jeremy\Documents\GitHub\fobos clone\mem_buffer\src\top.vhd".
    Summary:
	no macro.
Unit <top> synthesized.

Synthesizing Unit <Datapath>.
    Related source file is "C:\Users\Jeremy\Documents\GitHub\fobos clone\mem_buffer\src\Datapath.vhd".
    Summary:
	inferred   1 Multiplexer(s).
Unit <Datapath> synthesized.

Synthesizing Unit <counter>.
    Related source file is "C:\Users\Jeremy\Documents\GitHub\fobos clone\mem_buffer\src\COUNTER.vhd".
        N = 11
    Found 11-bit register for signal <temp>.
    Found 11-bit adder for signal <temp[10]_GND_9_o_add_0_OUT> created at line 30.
    Summary:
	inferred   1 Adder/Subtractor(s).
	inferred  11 D-type flip-flop(s).
Unit <counter> synthesized.

Synthesizing Unit <controller>.
    Related source file is "C:\Users\Jeremy\Documents\GitHub\fobos clone\mem_buffer\src\controller.vhd".
    Found 3-bit register for signal <y>.
    Found finite state machine <FSM_0> for signal <y>.
    -----------------------------------------------------------------------
    | States             | 5                                              |
    | Transitions        | 12                                             |
    | Inputs             | 4                                              |
    | Outputs            | 5                                              |
    | Clock              | clock (rising_edge)                            |
    | Reset              | reset (negative)                               |
    | Reset type         | asynchronous                                   |
    | Reset State        | start                                          |
    | Power Up State     | start                                          |
    | Encoding           | auto                                           |
    | Implementation     | LUT                                            |
    -----------------------------------------------------------------------
    Summary:
	inferred   1 Finite State Machine(s).
Unit <controller> synthesized.

=========================================================================
HDL Synthesis Report

Macro Statistics
# Adders/Subtractors                                   : 1
 11-bit adder                                          : 1
# Registers                                            : 1
 11-bit register                                       : 1
# Multiplexers                                         : 1
 16-bit 2-to-1 multiplexer                             : 1
# FSMs                                                 : 1

=========================================================================

=========================================================================
*                       Advanced HDL Synthesis                          *
=========================================================================

Reading core <FIFO214.ngc>.
Reading core <DRAM211.ngc>.
Loading core <FIFO214> for timing and area information for instance <FIFO1>.
Loading core <FIFO214> for timing and area information for instance <FIFO2>.
Loading core <DRAM211> for timing and area information for instance <DRAM>.

Synthesizing (advanced) Unit <counter>.
The following registers are absorbed into counter <temp>: 1 register on signal <temp>.
Unit <counter> synthesized (advanced).

=========================================================================
Advanced HDL Synthesis Report

Macro Statistics
# Counters                                             : 1
 11-bit up counter                                     : 1
# Multiplexers                                         : 1
 16-bit 2-to-1 multiplexer                             : 1
# FSMs                                                 : 1

=========================================================================

=========================================================================
*                         Low Level Synthesis                           *
=========================================================================
Analyzing FSM <MFsm> for best encoding.
Optimizing FSM <FSM_0> on signal <y[1:3]> with gray encoding.
-------------------------
 State       | Encoding
-------------------------
 start       | 000
 write_fifo1 | 001
 write_fifo2 | 011
 read_fifo1  | 010
 read_fifo2  | 110
-------------------------

Optimizing unit <top> ...

Mapping all equations...
Building and optimizing final netlist ...
Found area constraint ratio of 100 (+ 5) on block top, actual ratio is 2.
INFO:Xst:2260 - The FF/Latch <U0/xst_fifo_generator/gconvfifo.rf/grf.rf/gntv_or_sync_fifo.gl0.rd/grss.rsts/ram_empty_i> in Unit <data/FIFO2> is equivalent to the following FF/Latch : <U0/xst_fifo_generator/gconvfifo.rf/grf.rf/gntv_or_sync_fifo.gl0.rd/grss.rsts/ram_empty_fb_i> 
INFO:Xst:2260 - The FF/Latch <U0/xst_fifo_generator/gconvfifo.rf/grf.rf/gntv_or_sync_fifo.gl0.wr/gwss.wsts/ram_full_i> in Unit <data/FIFO2> is equivalent to the following FF/Latch : <U0/xst_fifo_generator/gconvfifo.rf/grf.rf/gntv_or_sync_fifo.gl0.wr/gwss.wsts/ram_full_fb_i> 
INFO:Xst:2260 - The FF/Latch <U0/xst_fifo_generator/gconvfifo.rf/grf.rf/gntv_or_sync_fifo.gl0.rd/grss.rsts/ram_empty_i> in Unit <data/FIFO1> is equivalent to the following FF/Latch : <U0/xst_fifo_generator/gconvfifo.rf/grf.rf/gntv_or_sync_fifo.gl0.rd/grss.rsts/ram_empty_fb_i> 
INFO:Xst:2260 - The FF/Latch <U0/xst_fifo_generator/gconvfifo.rf/grf.rf/gntv_or_sync_fifo.gl0.wr/gwss.wsts/ram_full_i> in Unit <data/FIFO1> is equivalent to the following FF/Latch : <U0/xst_fifo_generator/gconvfifo.rf/grf.rf/gntv_or_sync_fifo.gl0.wr/gwss.wsts/ram_full_fb_i> 
INFO:Xst:2260 - The FF/Latch <U0/xst_fifo_generator/gconvfifo.rf/grf.rf/gntv_or_sync_fifo.gl0.rd/grss.rsts/ram_empty_i> in Unit <data/FIFO2> is equivalent to the following FF/Latch : <U0/xst_fifo_generator/gconvfifo.rf/grf.rf/gntv_or_sync_fifo.gl0.rd/grss.rsts/ram_empty_fb_i> 
INFO:Xst:2260 - The FF/Latch <U0/xst_fifo_generator/gconvfifo.rf/grf.rf/gntv_or_sync_fifo.gl0.wr/gwss.wsts/ram_full_i> in Unit <data/FIFO2> is equivalent to the following FF/Latch : <U0/xst_fifo_generator/gconvfifo.rf/grf.rf/gntv_or_sync_fifo.gl0.wr/gwss.wsts/ram_full_fb_i> 
INFO:Xst:2260 - The FF/Latch <U0/xst_fifo_generator/gconvfifo.rf/grf.rf/gntv_or_sync_fifo.gl0.rd/grss.rsts/ram_empty_i> in Unit <data/FIFO1> is equivalent to the following FF/Latch : <U0/xst_fifo_generator/gconvfifo.rf/grf.rf/gntv_or_sync_fifo.gl0.rd/grss.rsts/ram_empty_fb_i> 
INFO:Xst:2260 - The FF/Latch <U0/xst_fifo_generator/gconvfifo.rf/grf.rf/gntv_or_sync_fifo.gl0.wr/gwss.wsts/ram_full_i> in Unit <data/FIFO1> is equivalent to the following FF/Latch : <U0/xst_fifo_generator/gconvfifo.rf/grf.rf/gntv_or_sync_fifo.gl0.wr/gwss.wsts/ram_full_fb_i> 

Final Macro Processing ...

=========================================================================
Final Register Report

Macro Statistics
# Registers                                            : 14
 Flip-Flops                                            : 14

=========================================================================

=========================================================================
*                           Partition Report                            *
=========================================================================

Partition Implementation Status
-------------------------------

  No Partitions were found in this design.

-------------------------------

=========================================================================
*                            Design Summary                             *
=========================================================================

Top Level Output File Name         : top.ngc

Primitive and Black Box Usage:
------------------------------
# BELS                             : 511
#      GND                         : 5
#      INV                         : 6
#      LUT1                        : 61
#      LUT2                        : 12
#      LUT3                        : 20
#      LUT4                        : 96
#      LUT5                        : 1
#      LUT6                        : 74
#      MUXCY                       : 118
#      MUXF7                       : 48
#      VCC                         : 3
#      XORCY                       : 67
# FlipFlops/Latches                : 156
#      FD                          : 24
#      FDC                         : 3
#      FDCE                        : 11
#      FDE                         : 6
#      FDRE                        : 108
#      FDSE                        : 4
# RAMS                             : 158
#      RAM256X1S                   : 128
#      RAMB16BWER                  : 30
# Clock Buffers                    : 1
#      BUFGP                       : 1
# IO Buffers                       : 83
#      IBUF                        : 18
#      OBUF                        : 65

Device utilization summary:
---------------------------

Selected Device : 6slx16csg324-2 


Slice Logic Utilization: 
 Number of Slice Registers:             156  out of  18224     0%  
 Number of Slice LUTs:                  782  out of   9112     8%  
    Number used as Logic:               270  out of   9112     2%  
    Number used as Memory:              512  out of   2176    23%  
       Number used as RAM:              512

Slice Logic Distribution: 
 Number of LUT Flip Flop pairs used:    849
   Number with an unused Flip Flop:     693  out of    849    81%  
   Number with an unused LUT:            67  out of    849     7%  
   Number of fully used LUT-FF pairs:    89  out of    849    10%  
   Number of unique control sets:        13

IO Utilization: 
 Number of IOs:                          84
 Number of bonded IOBs:                  84  out of    232    36%  

Specific Feature Utilization:
 Number of Block RAM/FIFO:               30  out of     32    93%  
    Number using Block RAM only:         30
 Number of BUFG/BUFGCTRLs:                1  out of     16     6%  

---------------------------
Partition Resource Summary:
---------------------------

  No Partitions were found in this design.

---------------------------


=========================================================================
Timing Report

NOTE: THESE TIMING NUMBERS ARE ONLY A SYNTHESIS ESTIMATE.
      FOR ACCURATE TIMING INFORMATION PLEASE REFER TO THE TRACE REPORT
      GENERATED AFTER PLACE-and-ROUTE.

Clock Information:
------------------
-----------------------------------+------------------------+-------+
Clock Signal                       | Clock buffer(FF name)  | Load  |
-----------------------------------+------------------------+-------+
CLOCK                              | BUFGP                  | 314   |
-----------------------------------+------------------------+-------+

Asynchronous Control Signals Information:
----------------------------------------
No asynchronous control signals found in this design

Timing Summary:
---------------
Speed Grade: -2

   Minimum period: 5.681ns (Maximum Frequency: 176.025MHz)
   Minimum input arrival time before clock: 6.571ns
   Maximum output required time after clock: 8.458ns
   Maximum combinational path delay: No path found

Timing Details:
---------------
All values displayed in nanoseconds (ns)

=========================================================================
Timing constraint: Default period analysis for Clock 'CLOCK'
  Clock period: 5.681ns (frequency: 176.025MHz)
  Total number of paths / destination ports: 7059 / 2500
-------------------------------------------------------------------------
Delay:               5.681ns (Levels of Logic = 4)
  Source:            cont/y_FSM_FFd1 (FF)
  Destination:       data/FIFO1/U0/xst_fifo_generator/gconvfifo.rf/grf.rf/gntv_or_sync_fifo.mem/gbm.gbmg.gbmga.ngecc.bmg/gnativebmg.native_blk_mem_gen/valid.cstr/ramloop[7].ram.r/s6_noinit.ram/SDP.SIMPLE_PRIM18.ram (RAM)
  Source Clock:      CLOCK rising
  Destination Clock: CLOCK rising

  Data Path: cont/y_FSM_FFd1 to data/FIFO1/U0/xst_fifo_generator/gconvfifo.rf/grf.rf/gntv_or_sync_fifo.mem/gbm.gbmg.gbmga.ngecc.bmg/gnativebmg.native_blk_mem_gen/valid.cstr/ramloop[7].ram.r/s6_noinit.ram/SDP.SIMPLE_PRIM18.ram
                                Gate     Net
    Cell:in->out      fanout   Delay   Delay  Logical Name (Net Name)
    ----------------------------------------  ------------
     FDC:C->Q             23   0.525   1.358  cont/y_FSM_FFd1 (cont/y_FSM_FFd1)
     LUT3:I2->O            3   0.254   0.874  cont/y_FIFO1_RD_EN1 (FIFO1_RD_EN)
     begin scope: 'data/FIFO1:rd_en'
     LUT3:I1->O           18   0.250   1.235  U0/xst_fifo_generator/gconvfifo.rf/grf.rf/gntv_or_sync_fifo.mem/tmp_ram_rd_en1 (U0/xst_fifo_generator/gconvfifo.rf/grf.rf/gntv_or_sync_fifo.mem/tmp_ram_rd_en)
     begin scope: 'data/FIFO1/U0/xst_fifo_generator/gconvfifo.rf/grf.rf/gntv_or_sync_fifo.mem/gbm.gbmg.gbmga.ngecc.bmg/gnativebmg.native_blk_mem_gen/valid.cstr:ENB'
     LUT4:I3->O            1   0.254   0.681  bindec_b.bindec_inst_b/Mmux_ENOUT<7>11 (enb_array<7>)
     RAMB16BWER:ENB            0.250          ramloop[14].ram.r/s6_noinit.ram/SDP.SIMPLE_PRIM18.ram
    ----------------------------------------
    Total                      5.681ns (1.533ns logic, 4.148ns route)
                                       (27.0% logic, 73.0% route)

=========================================================================
Timing constraint: Default OFFSET IN BEFORE for Clock 'CLOCK'
  Total number of paths / destination ports: 348 / 348
-------------------------------------------------------------------------
Offset:              6.571ns (Levels of Logic = 4)
  Source:            RESET (PAD)
  Destination:       data/FIFO2/U0/xst_fifo_generator/gconvfifo.rf/grf.rf/gntv_or_sync_fifo.mem/gbm.gbmg.gbmga.ngecc.bmg/gnativebmg.native_blk_mem_gen/valid.cstr/ramloop[7].ram.r/s6_noinit.ram/SDP.SIMPLE_PRIM18.ram (RAM)
  Destination Clock: CLOCK rising

  Data Path: RESET to data/FIFO2/U0/xst_fifo_generator/gconvfifo.rf/grf.rf/gntv_or_sync_fifo.mem/gbm.gbmg.gbmga.ngecc.bmg/gnativebmg.native_blk_mem_gen/valid.cstr/ramloop[7].ram.r/s6_noinit.ram/SDP.SIMPLE_PRIM18.ram
                                Gate     Net
    Cell:in->out      fanout   Delay   Delay  Logical Name (Net Name)
    ----------------------------------------  ------------
     IBUF:I->O           149   1.328   2.588  RESET_IBUF (RESET_IBUF)
     begin scope: 'data/FIFO2:srst'
     LUT3:I0->O           18   0.235   1.235  U0/xst_fifo_generator/gconvfifo.rf/grf.rf/gntv_or_sync_fifo.mem/tmp_ram_rd_en1 (U0/xst_fifo_generator/gconvfifo.rf/grf.rf/gntv_or_sync_fifo.mem/tmp_ram_rd_en)
     begin scope: 'data/FIFO2/U0/xst_fifo_generator/gconvfifo.rf/grf.rf/gntv_or_sync_fifo.mem/gbm.gbmg.gbmga.ngecc.bmg/gnativebmg.native_blk_mem_gen/valid.cstr:ENB'
     LUT4:I3->O            1   0.254   0.681  bindec_b.bindec_inst_b/Mmux_ENOUT<7>11 (enb_array<7>)
     RAMB16BWER:ENB            0.250          ramloop[14].ram.r/s6_noinit.ram/SDP.SIMPLE_PRIM18.ram
    ----------------------------------------
    Total                      6.571ns (2.067ns logic, 4.504ns route)
                                       (31.5% logic, 68.5% route)

=========================================================================
Timing constraint: Default OFFSET OUT AFTER for Clock 'CLOCK'
  Total number of paths / destination ports: 651 / 65
-------------------------------------------------------------------------
Offset:              8.458ns (Levels of Logic = 5)
  Source:            data/FIFO2/U0/xst_fifo_generator/gconvfifo.rf/grf.rf/gntv_or_sync_fifo.mem/gbm.gbmg.gbmga.ngecc.bmg/gnativebmg.native_blk_mem_gen/valid.cstr/ramloop[13].ram.r/s6_noinit.ram/SDP.SIMPLE_PRIM18.ram (RAM)
  Destination:       muxout<15> (PAD)
  Source Clock:      CLOCK rising

  Data Path: data/FIFO2/U0/xst_fifo_generator/gconvfifo.rf/grf.rf/gntv_or_sync_fifo.mem/gbm.gbmg.gbmga.ngecc.bmg/gnativebmg.native_blk_mem_gen/valid.cstr/ramloop[13].ram.r/s6_noinit.ram/SDP.SIMPLE_PRIM18.ram to muxout<15>
                                Gate     Net
    Cell:in->out      fanout   Delay   Delay  Logical Name (Net Name)
    ----------------------------------------  ------------
     RAMB16BWER:CLKB->DOPB0    1   2.100   0.958  ramloop[13].ram.r/s6_noinit.ram/SDP.SIMPLE_PRIM18.ram (ramloop[13].ram.ram_doutb<8>)
     LUT6:I2->O            1   0.254   0.000  has_mux_b.B/Mmux_dout_mux_36 (has_mux_b.B/Mmux_dout_mux_36)
     MUXF7:I1->O           2   0.175   0.834  has_mux_b.B/Mmux_dout_mux_2_f7_5 (DOUTB<15>)
     end scope: 'data/FIFO2/U0/xst_fifo_generator/gconvfifo.rf/grf.rf/gntv_or_sync_fifo.mem/gbm.gbmg.gbmga.ngecc.bmg/gnativebmg.native_blk_mem_gen/valid.cstr:DOUTB<15>'
     end scope: 'data/FIFO2:dout<15>'
     LUT3:I1->O            9   0.250   0.975  data/Mmux_DRAM_IN71 (muxout_15_OBUF)
     OBUF:I->O                 2.912          muxout_15_OBUF (muxout<15>)
    ----------------------------------------
    Total                      8.458ns (5.691ns logic, 2.767ns route)
                                       (67.3% logic, 32.7% route)

=========================================================================

Cross Clock Domains Report:
--------------------------

Clock to Setup on destination clock CLOCK
---------------+---------+---------+---------+---------+
               | Src:Rise| Src:Fall| Src:Rise| Src:Fall|
Source Clock   |Dest:Rise|Dest:Rise|Dest:Fall|Dest:Fall|
---------------+---------+---------+---------+---------+
CLOCK          |    5.681|         |         |         |
---------------+---------+---------+---------+---------+

=========================================================================


Total REAL time to Xst completion: 9.00 secs
Total CPU time to Xst completion: 9.45 secs
 
--> 

Total memory usage is 255552 kilobytes

Number of errors   :    0 (   0 filtered)
Number of warnings :    0 (   0 filtered)
Number of infos    :    8 (   0 filtered)

