--------------------------------------------------------------------------------
Release 14.1 Trace  (nt64)
Copyright (c) 1995-2012 Xilinx, Inc.  All rights reserved.

C:\Xilinx\14.1\ISE_DS\ISE\bin\nt64\unwrapped\trce.exe -intstyle ise -v 3 -s 2
-n 3 -fastpaths -xml TOP.twx TOP.ncd -o TOP.twr TOP.pcf

Design file:              TOP.ncd
Physical constraint file: TOP.pcf
Device,package,speed:     xc6slx16,csg324,C,-2 (PRODUCTION 1.21 2012-04-23)
Report level:             verbose report

Environment Variable      Effect 
--------------------      ------ 
NONE                      No environment variables were set
--------------------------------------------------------------------------------

INFO:Timing:2698 - No timing constraints found, doing default enumeration.
INFO:Timing:3412 - To improve timing, see the Timing Closure User Guide (UG612).
INFO:Timing:2752 - To get complete path coverage, use the unconstrained paths 
   option. All paths that are not constrained will be reported in the 
   unconstrained paths section(s) of the report.
INFO:Timing:3339 - The clock-to-out numbers in this timing report are based on 
   a 50 Ohm transmission line loading model.  For the details of this model, 
   and for more information on accounting for different loading conditions, 
   please see the device datasheet.



Data Sheet report:
-----------------
All values displayed in nanoseconds (ns)

Setup/Hold to clock CLOCK
-------------+------------+------------+------------+------------+------------------+--------+
             |Max Setup to|  Process   |Max Hold to |  Process   |                  | Clock  |
Source       | clk (edge) |   Corner   | clk (edge) |   Corner   |Internal Clock(s) | Phase  |
-------------+------------+------------+------------+------------+------------------+--------+
DRAM_ADDR<0> |    7.264(R)|      SLOW  |   -0.376(R)|      SLOW  |CLOCK_BUFGP       |   0.000|
DRAM_ADDR<1> |    7.273(R)|      SLOW  |   -0.142(R)|      SLOW  |CLOCK_BUFGP       |   0.000|
DRAM_ADDR<2> |    6.977(R)|      SLOW  |    0.217(R)|      SLOW  |CLOCK_BUFGP       |   0.000|
DRAM_ADDR<3> |    9.008(R)|      SLOW  |   -0.061(R)|      SLOW  |CLOCK_BUFGP       |   0.000|
DRAM_ADDR<4> |    7.785(R)|      SLOW  |   -0.223(R)|      SLOW  |CLOCK_BUFGP       |   0.000|
DRAM_ADDR<5> |    9.014(R)|      SLOW  |    0.030(R)|      SLOW  |CLOCK_BUFGP       |   0.000|
DRAM_ADDR<6> |    6.840(R)|      SLOW  |    0.150(R)|      SLOW  |CLOCK_BUFGP       |   0.000|
DRAM_ADDR<7> |    5.811(R)|      SLOW  |   -0.039(R)|      SLOW  |CLOCK_BUFGP       |   0.000|
DRAM_ADDR<8> |    7.258(R)|      SLOW  |   -1.181(R)|      FAST  |CLOCK_BUFGP       |   0.000|
DRAM_ADDR<9> |    7.034(R)|      SLOW  |   -1.046(R)|      FAST  |CLOCK_BUFGP       |   0.000|
DRAM_ADDR<10>|    8.098(R)|      SLOW  |   -1.499(R)|      FAST  |CLOCK_BUFGP       |   0.000|
DRAM_WR_EN   |    6.414(R)|      SLOW  |   -0.782(R)|      FAST  |CLOCK_BUFGP       |   0.000|
FIFO1_RD_EN  |    7.660(R)|      SLOW  |   -1.631(R)|      FAST  |CLOCK_BUFGP       |   0.000|
FIFO1_WR_EN  |    7.600(R)|      SLOW  |   -2.083(R)|      FAST  |CLOCK_BUFGP       |   0.000|
FIFO2_RD_EN  |    7.966(R)|      SLOW  |   -0.804(R)|      FAST  |CLOCK_BUFGP       |   0.000|
FIFO2_WR_EN  |    7.053(R)|      SLOW  |   -0.811(R)|      SLOW  |CLOCK_BUFGP       |   0.000|
Input<0>     |    3.770(R)|      SLOW  |   -1.089(R)|      FAST  |CLOCK_BUFGP       |   0.000|
Input<1>     |    4.270(R)|      SLOW  |   -0.193(R)|      SLOW  |CLOCK_BUFGP       |   0.000|
Input<2>     |    1.907(R)|      SLOW  |    0.088(R)|      SLOW  |CLOCK_BUFGP       |   0.000|
Input<3>     |    6.006(R)|      SLOW  |   -2.698(R)|      FAST  |CLOCK_BUFGP       |   0.000|
Input<4>     |    6.512(R)|      SLOW  |   -2.894(R)|      FAST  |CLOCK_BUFGP       |   0.000|
Input<5>     |    4.446(R)|      SLOW  |   -1.670(R)|      FAST  |CLOCK_BUFGP       |   0.000|
Input<6>     |    4.328(R)|      SLOW  |   -1.752(R)|      FAST  |CLOCK_BUFGP       |   0.000|
Input<7>     |    6.417(R)|      SLOW  |   -0.275(R)|      SLOW  |CLOCK_BUFGP       |   0.000|
Input<8>     |    6.888(R)|      SLOW  |   -0.520(R)|      SLOW  |CLOCK_BUFGP       |   0.000|
Input<9>     |    6.887(R)|      SLOW  |   -0.213(R)|      SLOW  |CLOCK_BUFGP       |   0.000|
Input<10>    |    6.514(R)|      SLOW  |   -0.540(R)|      FAST  |CLOCK_BUFGP       |   0.000|
Input<11>    |    7.162(R)|      SLOW  |   -0.307(R)|      SLOW  |CLOCK_BUFGP       |   0.000|
Input<12>    |    8.102(R)|      SLOW  |   -0.483(R)|      FAST  |CLOCK_BUFGP       |   0.000|
Input<13>    |    5.913(R)|      SLOW  |   -0.601(R)|      FAST  |CLOCK_BUFGP       |   0.000|
Input<14>    |    5.159(R)|      SLOW  |   -0.905(R)|      FAST  |CLOCK_BUFGP       |   0.000|
Input<15>    |    6.578(R)|      SLOW  |   -0.745(R)|      FAST  |CLOCK_BUFGP       |   0.000|
MUX_SEL      |    6.615(R)|      SLOW  |   -1.088(R)|      FAST  |CLOCK_BUFGP       |   0.000|
RESET        |   11.023(R)|      SLOW  |   -0.449(R)|      SLOW  |CLOCK_BUFGP       |   0.000|
-------------+------------+------------+------------+------------+------------------+--------+

Clock CLOCK to Pad
------------+-----------------+------------+-----------------+------------+------------------+--------+
            |Max (slowest) clk|  Process   |Min (fastest) clk|  Process   |                  | Clock  |
Destination |  (edge) to PAD  |   Corner   |  (edge) to PAD  |   Corner   |Internal Clock(s) | Phase  |
------------+-----------------+------------+-----------------+------------+------------------+--------+
FIFO1_EMPTY |         9.241(R)|      SLOW  |         3.839(R)|      FAST  |CLOCK_BUFGP       |   0.000|
FIFO1_FULL  |         9.262(R)|      SLOW  |         3.852(R)|      FAST  |CLOCK_BUFGP       |   0.000|
FIFO2_EMPTY |         9.306(R)|      SLOW  |         3.842(R)|      FAST  |CLOCK_BUFGP       |   0.000|
FIFO2_FULL  |         9.349(R)|      SLOW  |         3.944(R)|      FAST  |CLOCK_BUFGP       |   0.000|
Output<0>   |        12.530(R)|      SLOW  |         5.003(R)|      FAST  |CLOCK_BUFGP       |   0.000|
Output<1>   |        12.687(R)|      SLOW  |         5.248(R)|      FAST  |CLOCK_BUFGP       |   0.000|
Output<2>   |        11.360(R)|      SLOW  |         4.299(R)|      FAST  |CLOCK_BUFGP       |   0.000|
Output<3>   |        12.361(R)|      SLOW  |         4.942(R)|      FAST  |CLOCK_BUFGP       |   0.000|
Output<4>   |        12.323(R)|      SLOW  |         4.916(R)|      FAST  |CLOCK_BUFGP       |   0.000|
Output<5>   |        13.041(R)|      SLOW  |         5.281(R)|      FAST  |CLOCK_BUFGP       |   0.000|
Output<6>   |        13.382(R)|      SLOW  |         5.507(R)|      FAST  |CLOCK_BUFGP       |   0.000|
Output<7>   |        11.377(R)|      SLOW  |         4.431(R)|      FAST  |CLOCK_BUFGP       |   0.000|
Output<8>   |        12.377(R)|      SLOW  |         5.093(R)|      FAST  |CLOCK_BUFGP       |   0.000|
Output<9>   |        12.127(R)|      SLOW  |         4.452(R)|      FAST  |CLOCK_BUFGP       |   0.000|
Output<10>  |        11.154(R)|      SLOW  |         4.318(R)|      FAST  |CLOCK_BUFGP       |   0.000|
Output<11>  |        11.857(R)|      SLOW  |         4.697(R)|      FAST  |CLOCK_BUFGP       |   0.000|
Output<12>  |        11.434(R)|      SLOW  |         4.452(R)|      FAST  |CLOCK_BUFGP       |   0.000|
Output<13>  |        10.832(R)|      SLOW  |         4.146(R)|      FAST  |CLOCK_BUFGP       |   0.000|
Output<14>  |        12.489(R)|      SLOW  |         5.066(R)|      FAST  |CLOCK_BUFGP       |   0.000|
Output<15>  |        11.606(R)|      SLOW  |         4.466(R)|      FAST  |CLOCK_BUFGP       |   0.000|
------------+-----------------+------------+-----------------+------------+------------------+--------+

Clock to Setup on destination clock CLOCK
---------------+---------+---------+---------+---------+
               | Src:Rise| Src:Fall| Src:Rise| Src:Fall|
Source Clock   |Dest:Rise|Dest:Rise|Dest:Fall|Dest:Fall|
---------------+---------+---------+---------+---------+
CLOCK          |    8.901|         |         |         |
---------------+---------+---------+---------+---------+

Pad to Pad
---------------+---------------+---------+
Source Pad     |Destination Pad|  Delay  |
---------------+---------------+---------+
DRAM_ADDR<0>   |Output<0>      |   16.500|
DRAM_ADDR<0>   |Output<1>      |   17.506|
DRAM_ADDR<0>   |Output<2>      |   13.888|
DRAM_ADDR<0>   |Output<3>      |   16.811|
DRAM_ADDR<0>   |Output<4>      |   16.185|
DRAM_ADDR<0>   |Output<5>      |   18.246|
DRAM_ADDR<0>   |Output<6>      |   19.278|
DRAM_ADDR<0>   |Output<7>      |   13.920|
DRAM_ADDR<0>   |Output<8>      |   14.624|
DRAM_ADDR<0>   |Output<9>      |   15.210|
DRAM_ADDR<0>   |Output<10>     |   12.722|
DRAM_ADDR<0>   |Output<11>     |   13.279|
DRAM_ADDR<0>   |Output<12>     |   14.148|
DRAM_ADDR<0>   |Output<13>     |   12.694|
DRAM_ADDR<0>   |Output<14>     |   15.715|
DRAM_ADDR<0>   |Output<15>     |   15.469|
DRAM_ADDR<1>   |Output<0>      |   17.138|
DRAM_ADDR<1>   |Output<1>      |   18.000|
DRAM_ADDR<1>   |Output<2>      |   14.147|
DRAM_ADDR<1>   |Output<3>      |   16.519|
DRAM_ADDR<1>   |Output<4>      |   15.932|
DRAM_ADDR<1>   |Output<5>      |   18.534|
DRAM_ADDR<1>   |Output<6>      |   19.353|
DRAM_ADDR<1>   |Output<7>      |   14.117|
DRAM_ADDR<1>   |Output<8>      |   14.553|
DRAM_ADDR<1>   |Output<9>      |   14.716|
DRAM_ADDR<1>   |Output<10>     |   12.220|
DRAM_ADDR<1>   |Output<11>     |   12.903|
DRAM_ADDR<1>   |Output<12>     |   13.538|
DRAM_ADDR<1>   |Output<13>     |   12.373|
DRAM_ADDR<1>   |Output<14>     |   16.197|
DRAM_ADDR<1>   |Output<15>     |   15.349|
DRAM_ADDR<2>   |Output<0>      |   16.627|
DRAM_ADDR<2>   |Output<1>      |   17.261|
DRAM_ADDR<2>   |Output<2>      |   13.659|
DRAM_ADDR<2>   |Output<3>      |   16.160|
DRAM_ADDR<2>   |Output<4>      |   15.703|
DRAM_ADDR<2>   |Output<5>      |   17.962|
DRAM_ADDR<2>   |Output<6>      |   18.889|
DRAM_ADDR<2>   |Output<7>      |   13.632|
DRAM_ADDR<2>   |Output<8>      |   14.189|
DRAM_ADDR<2>   |Output<9>      |   14.221|
DRAM_ADDR<2>   |Output<10>     |   12.138|
DRAM_ADDR<2>   |Output<11>     |   12.308|
DRAM_ADDR<2>   |Output<12>     |   13.422|
DRAM_ADDR<2>   |Output<13>     |   12.406|
DRAM_ADDR<2>   |Output<14>     |   15.740|
DRAM_ADDR<2>   |Output<15>     |   14.782|
DRAM_ADDR<3>   |Output<0>      |   16.236|
DRAM_ADDR<3>   |Output<1>      |   18.289|
DRAM_ADDR<3>   |Output<2>      |   13.490|
DRAM_ADDR<3>   |Output<3>      |   17.726|
DRAM_ADDR<3>   |Output<4>      |   17.626|
DRAM_ADDR<3>   |Output<5>      |   19.513|
DRAM_ADDR<3>   |Output<6>      |   20.467|
DRAM_ADDR<3>   |Output<7>      |   13.561|
DRAM_ADDR<3>   |Output<8>      |   15.234|
DRAM_ADDR<3>   |Output<9>      |   15.460|
DRAM_ADDR<3>   |Output<10>     |   11.788|
DRAM_ADDR<3>   |Output<11>     |   12.892|
DRAM_ADDR<3>   |Output<12>     |   14.320|
DRAM_ADDR<3>   |Output<13>     |   12.880|
DRAM_ADDR<3>   |Output<14>     |   17.758|
DRAM_ADDR<3>   |Output<15>     |   15.399|
DRAM_ADDR<4>   |Output<0>      |   17.280|
DRAM_ADDR<4>   |Output<1>      |   18.466|
DRAM_ADDR<4>   |Output<2>      |   14.217|
DRAM_ADDR<4>   |Output<3>      |   16.571|
DRAM_ADDR<4>   |Output<4>      |   16.424|
DRAM_ADDR<4>   |Output<5>      |   18.751|
DRAM_ADDR<4>   |Output<6>      |   19.543|
DRAM_ADDR<4>   |Output<7>      |   14.086|
DRAM_ADDR<4>   |Output<8>      |   15.310|
DRAM_ADDR<4>   |Output<9>      |   14.963|
DRAM_ADDR<4>   |Output<10>     |   12.285|
DRAM_ADDR<4>   |Output<11>     |   13.020|
DRAM_ADDR<4>   |Output<12>     |   13.782|
DRAM_ADDR<4>   |Output<13>     |   12.844|
DRAM_ADDR<4>   |Output<14>     |   16.075|
DRAM_ADDR<4>   |Output<15>     |   15.323|
DRAM_ADDR<5>   |Output<0>      |   17.390|
DRAM_ADDR<5>   |Output<1>      |   18.335|
DRAM_ADDR<5>   |Output<2>      |   13.979|
DRAM_ADDR<5>   |Output<3>      |   17.385|
DRAM_ADDR<5>   |Output<4>      |   17.101|
DRAM_ADDR<5>   |Output<5>      |   19.569|
DRAM_ADDR<5>   |Output<6>      |   20.445|
DRAM_ADDR<5>   |Output<7>      |   13.180|
DRAM_ADDR<5>   |Output<8>      |   14.924|
DRAM_ADDR<5>   |Output<9>      |   15.191|
DRAM_ADDR<5>   |Output<10>     |   11.990|
DRAM_ADDR<5>   |Output<11>     |   12.851|
DRAM_ADDR<5>   |Output<12>     |   14.001|
DRAM_ADDR<5>   |Output<13>     |   13.056|
DRAM_ADDR<5>   |Output<14>     |   17.382|
DRAM_ADDR<5>   |Output<15>     |   14.977|
DRAM_ADDR<6>   |Output<0>      |   14.939|
DRAM_ADDR<6>   |Output<1>      |   15.667|
DRAM_ADDR<6>   |Output<2>      |   11.974|
DRAM_ADDR<6>   |Output<3>      |   15.906|
DRAM_ADDR<6>   |Output<4>      |   15.798|
DRAM_ADDR<6>   |Output<5>      |   17.308|
DRAM_ADDR<6>   |Output<6>      |   18.064|
DRAM_ADDR<6>   |Output<7>      |   12.123|
DRAM_ADDR<6>   |Output<8>      |   13.937|
DRAM_ADDR<6>   |Output<9>      |   13.445|
DRAM_ADDR<6>   |Output<10>     |   11.589|
DRAM_ADDR<6>   |Output<11>     |   12.275|
DRAM_ADDR<6>   |Output<12>     |   13.011|
DRAM_ADDR<6>   |Output<13>     |   11.656|
DRAM_ADDR<6>   |Output<14>     |   14.756|
DRAM_ADDR<6>   |Output<15>     |   13.025|
DRAM_ADDR<7>   |Output<0>      |   13.872|
DRAM_ADDR<7>   |Output<1>      |   15.383|
DRAM_ADDR<7>   |Output<2>      |   12.305|
DRAM_ADDR<7>   |Output<3>      |   14.446|
DRAM_ADDR<7>   |Output<4>      |   14.918|
DRAM_ADDR<7>   |Output<5>      |   16.476|
DRAM_ADDR<7>   |Output<6>      |   17.088|
DRAM_ADDR<7>   |Output<7>      |   12.598|
DRAM_ADDR<7>   |Output<8>      |   15.050|
DRAM_ADDR<7>   |Output<9>      |   14.884|
DRAM_ADDR<7>   |Output<10>     |   11.946|
DRAM_ADDR<7>   |Output<11>     |   12.265|
DRAM_ADDR<7>   |Output<12>     |   12.472|
DRAM_ADDR<7>   |Output<13>     |   11.236|
DRAM_ADDR<7>   |Output<14>     |   15.406|
DRAM_ADDR<7>   |Output<15>     |   12.413|
DRAM_ADDR<8>   |Output<0>      |   12.546|
DRAM_ADDR<8>   |Output<1>      |   13.832|
DRAM_ADDR<8>   |Output<2>      |   10.344|
DRAM_ADDR<8>   |Output<3>      |   14.159|
DRAM_ADDR<8>   |Output<4>      |   13.533|
DRAM_ADDR<8>   |Output<5>      |   14.642|
DRAM_ADDR<8>   |Output<6>      |   14.969|
DRAM_ADDR<8>   |Output<7>      |   10.677|
DRAM_ADDR<8>   |Output<8>      |   12.700|
DRAM_ADDR<8>   |Output<9>      |   10.946|
DRAM_ADDR<8>   |Output<10>     |    9.197|
DRAM_ADDR<8>   |Output<11>     |   10.856|
DRAM_ADDR<8>   |Output<12>     |   10.896|
DRAM_ADDR<8>   |Output<13>     |    9.903|
DRAM_ADDR<8>   |Output<14>     |   14.278|
DRAM_ADDR<8>   |Output<15>     |   11.156|
DRAM_ADDR<9>   |Output<0>      |   11.622|
DRAM_ADDR<9>   |Output<1>      |   12.801|
DRAM_ADDR<9>   |Output<2>      |    9.841|
DRAM_ADDR<9>   |Output<3>      |   12.731|
DRAM_ADDR<9>   |Output<4>      |   12.440|
DRAM_ADDR<9>   |Output<5>      |   13.975|
DRAM_ADDR<9>   |Output<6>      |   14.143|
DRAM_ADDR<9>   |Output<7>      |   10.494|
DRAM_ADDR<9>   |Output<8>      |   11.623|
DRAM_ADDR<9>   |Output<9>      |   10.175|
DRAM_ADDR<9>   |Output<10>     |    9.317|
DRAM_ADDR<9>   |Output<11>     |   10.527|
DRAM_ADDR<9>   |Output<12>     |   10.265|
DRAM_ADDR<9>   |Output<13>     |    9.793|
DRAM_ADDR<9>   |Output<14>     |   12.720|
DRAM_ADDR<9>   |Output<15>     |   10.370|
DRAM_ADDR<10>  |Output<0>      |   12.405|
DRAM_ADDR<10>  |Output<1>      |   13.377|
DRAM_ADDR<10>  |Output<2>      |    9.774|
DRAM_ADDR<10>  |Output<3>      |   13.527|
DRAM_ADDR<10>  |Output<4>      |   12.899|
DRAM_ADDR<10>  |Output<5>      |   14.655|
DRAM_ADDR<10>  |Output<6>      |   15.697|
DRAM_ADDR<10>  |Output<7>      |   10.893|
DRAM_ADDR<10>  |Output<8>      |   12.075|
DRAM_ADDR<10>  |Output<9>      |   10.023|
DRAM_ADDR<10>  |Output<10>     |    9.061|
DRAM_ADDR<10>  |Output<11>     |   10.116|
DRAM_ADDR<10>  |Output<12>     |   10.823|
DRAM_ADDR<10>  |Output<13>     |    9.758|
DRAM_ADDR<10>  |Output<14>     |   13.528|
DRAM_ADDR<10>  |Output<15>     |   11.227|
---------------+---------------+---------+


Analysis completed Sun Jul 28 18:24:00 2013 
--------------------------------------------------------------------------------

Trace Settings:
-------------------------
Trace Settings 

Peak Memory Usage: 236 MB



